<?xml version="1.0" encoding="UTF-8"?>
<!-- Generated by org.testng.reporters.JUnitReportReporter -->
<testsuite skipped="0" hostname="MSI" name="com.ankita.casestudy.apitest.TestAPI" tests="1" failures="0" timestamp="2020-08-31T18:16:16 IST" time="2.869" errors="0">
  <testcase name="test_4" time="2.869" classname="com.ankita.casestudy.apitest.TestAPI"/>
  <system-out/>
</testsuite> <!-- com.ankita.casestudy.apitest.TestAPI -->
